  CREATE_STREAM @200000 {NAME:wr_req T:Transactions SCOPE:uvm_test_top.env[0].icb_agt.icb_sqr STREAM:9193}
  CREATE_STREAM @200000 {NAME:apb_resp T:Transactions SCOPE:uvm_test_top.env[0].apb_agt0.apb_sqr STREAM:9196}
  CREATE_STREAM @100000 {NAME:wr_req T:Transactions SCOPE:uvm_test_top.env[0].icb_agt.icb_sqr STREAM:9193}
  CREATE_STREAM @100000 {NAME:apb_resp T:Transactions SCOPE:uvm_test_top.env[0].apb_agt0.apb_sqr STREAM:9196}
  CREATE_STREAM @100000 {NAME:wr_req T:Transactions SCOPE:uvm_test_top.env[0].icb_agt.icb_sqr STREAM:9211}
  CREATE_STREAM @100000 {NAME:apb_resp0 T:Transactions SCOPE:uvm_test_top.env[0].apb_agt0.apb_sqr STREAM:9214}
  CREATE_STREAM @100000 {NAME:apb_resp1 T:Transactions SCOPE:uvm_test_top.env[0].apb_agt1.apb_sqr STREAM:9217}
  CREATE_STREAM @100000 {NAME:apb_resp2 T:Transactions SCOPE:uvm_test_top.env[0].apb_agt2.apb_sqr STREAM:9220}
  CREATE_STREAM @100000 {NAME:apb_resp3 T:Transactions SCOPE:uvm_test_top.env[0].apb_agt3.apb_sqr STREAM:9223}
  CREATE_STREAM @100000 {NAME:rd_req T:Transactions SCOPE:uvm_test_top.env[2].icb_agt.icb_sqr STREAM:9207}
  CREATE_STREAM @100000 {NAME:apb_resp0 T:Transactions SCOPE:uvm_test_top.env[2].apb_agt0.apb_sqr STREAM:9210}
  CREATE_STREAM @100000 {NAME:apb_resp1 T:Transactions SCOPE:uvm_test_top.env[2].apb_agt1.apb_sqr STREAM:9213}
  CREATE_STREAM @100000 {NAME:apb_resp2 T:Transactions SCOPE:uvm_test_top.env[2].apb_agt2.apb_sqr STREAM:9216}
  CREATE_STREAM @100000 {NAME:apb_resp3 T:Transactions SCOPE:uvm_test_top.env[2].apb_agt3.apb_sqr STREAM:9219}
  CREATE_STREAM @100000 {NAME:wr_req T:Transactions SCOPE:uvm_test_top.env[2].icb_agt.icb_sqr STREAM:9222}
  CREATE_STREAM @100000 {NAME:wr_req T:Transactions SCOPE:uvm_test_top.env[0].icb_agt.icb_sqr STREAM:9199}
  CREATE_STREAM @100000 {NAME:apb_resp0 T:Transactions SCOPE:uvm_test_top.env[0].apb_agt0.apb_sqr STREAM:9202}
  CREATE_STREAM @100000 {NAME:apb_resp1 T:Transactions SCOPE:uvm_test_top.env[0].apb_agt1.apb_sqr STREAM:9205}
  CREATE_STREAM @100000 {NAME:apb_resp2 T:Transactions SCOPE:uvm_test_top.env[0].apb_agt2.apb_sqr STREAM:9208}
  CREATE_STREAM @100000 {NAME:apb_resp3 T:Transactions SCOPE:uvm_test_top.env[0].apb_agt3.apb_sqr STREAM:9211}
  CREATE_STREAM @100000 {NAME:wr_req T:Transactions SCOPE:uvm_test_top.env[0].icb_agt.icb_sqr STREAM:9193}
  CREATE_STREAM @100000 {NAME:apb_resp0 T:Transactions SCOPE:uvm_test_top.env[0].apb_agt0.apb_sqr STREAM:9196}
  CREATE_STREAM @100000 {NAME:apb_resp1 T:Transactions SCOPE:uvm_test_top.env[0].apb_agt1.apb_sqr STREAM:9199}
  CREATE_STREAM @100000 {NAME:apb_resp2 T:Transactions SCOPE:uvm_test_top.env[0].apb_agt2.apb_sqr STREAM:9202}
  CREATE_STREAM @100000 {NAME:apb_resp3 T:Transactions SCOPE:uvm_test_top.env[0].apb_agt3.apb_sqr STREAM:9205}
  CREATE_STREAM @100000 {NAME:wr_req T:Transactions SCOPE:uvm_test_top.env[0].icb_agt.icb_sqr STREAM:9193}
  CREATE_STREAM @100000 {NAME:apb_resp0 T:Transactions SCOPE:uvm_test_top.env[0].apb_agt0.apb_sqr STREAM:9196}
  CREATE_STREAM @100000 {NAME:apb_resp1 T:Transactions SCOPE:uvm_test_top.env[0].apb_agt1.apb_sqr STREAM:9199}
  CREATE_STREAM @100000 {NAME:apb_resp2 T:Transactions SCOPE:uvm_test_top.env[0].apb_agt2.apb_sqr STREAM:9202}
  CREATE_STREAM @100000 {NAME:apb_resp3 T:Transactions SCOPE:uvm_test_top.env[0].apb_agt3.apb_sqr STREAM:9205}
  CREATE_STREAM @100000 {NAME:wr_req T:Transactions SCOPE:uvm_test_top.env[0].icb_agt.icb_sqr STREAM:9193}
  CREATE_STREAM @100000 {NAME:apb_resp0 T:Transactions SCOPE:uvm_test_top.env[0].apb_agt0.apb_sqr STREAM:9196}
  CREATE_STREAM @100000 {NAME:apb_resp1 T:Transactions SCOPE:uvm_test_top.env[0].apb_agt1.apb_sqr STREAM:9199}
  CREATE_STREAM @100000 {NAME:apb_resp2 T:Transactions SCOPE:uvm_test_top.env[0].apb_agt2.apb_sqr STREAM:9202}
  CREATE_STREAM @100000 {NAME:apb_resp3 T:Transactions SCOPE:uvm_test_top.env[0].apb_agt3.apb_sqr STREAM:9205}
  CREATE_STREAM @100000 {NAME:wr_req T:Transactions SCOPE:uvm_test_top.env[0].icb_agt.icb_sqr STREAM:9193}
  CREATE_STREAM @100000 {NAME:apb_resp0 T:Transactions SCOPE:uvm_test_top.env[0].apb_agt0.apb_sqr STREAM:9196}
  CREATE_STREAM @100000 {NAME:apb_resp1 T:Transactions SCOPE:uvm_test_top.env[0].apb_agt1.apb_sqr STREAM:9199}
  CREATE_STREAM @100000 {NAME:apb_resp2 T:Transactions SCOPE:uvm_test_top.env[0].apb_agt2.apb_sqr STREAM:9202}
  CREATE_STREAM @100000 {NAME:apb_resp3 T:Transactions SCOPE:uvm_test_top.env[0].apb_agt3.apb_sqr STREAM:9205}
  CREATE_STREAM @100000 {NAME:wr_req T:Transactions SCOPE:uvm_test_top.env[0].icb_agt.icb_sqr STREAM:9193}
  CREATE_STREAM @100000 {NAME:apb_resp0 T:Transactions SCOPE:uvm_test_top.env[0].apb_agt0.apb_sqr STREAM:9196}
  CREATE_STREAM @100000 {NAME:apb_resp1 T:Transactions SCOPE:uvm_test_top.env[0].apb_agt1.apb_sqr STREAM:9199}
  CREATE_STREAM @100000 {NAME:apb_resp2 T:Transactions SCOPE:uvm_test_top.env[0].apb_agt2.apb_sqr STREAM:9202}
  CREATE_STREAM @100000 {NAME:apb_resp3 T:Transactions SCOPE:uvm_test_top.env[0].apb_agt3.apb_sqr STREAM:9205}
  CREATE_STREAM @100000 {NAME:wr_req T:Transactions SCOPE:uvm_test_top.env[0].icb_agt.icb_sqr STREAM:9193}
  CREATE_STREAM @100000 {NAME:apb_resp0 T:Transactions SCOPE:uvm_test_top.env[0].apb_agt0.apb_sqr STREAM:9196}
  CREATE_STREAM @100000 {NAME:apb_resp1 T:Transactions SCOPE:uvm_test_top.env[0].apb_agt1.apb_sqr STREAM:9199}
  CREATE_STREAM @100000 {NAME:apb_resp2 T:Transactions SCOPE:uvm_test_top.env[0].apb_agt2.apb_sqr STREAM:9202}
  CREATE_STREAM @100000 {NAME:apb_resp3 T:Transactions SCOPE:uvm_test_top.env[0].apb_agt3.apb_sqr STREAM:9205}
  CREATE_STREAM @100000 {NAME:wr_req T:Transactions SCOPE:uvm_test_top.env[0].icb_agt.icb_sqr STREAM:9193}
  CREATE_STREAM @100000 {NAME:apb_resp0 T:Transactions SCOPE:uvm_test_top.env[0].apb_agt0.apb_sqr STREAM:9196}
  CREATE_STREAM @100000 {NAME:apb_resp1 T:Transactions SCOPE:uvm_test_top.env[0].apb_agt1.apb_sqr STREAM:9199}
  CREATE_STREAM @100000 {NAME:apb_resp2 T:Transactions SCOPE:uvm_test_top.env[0].apb_agt2.apb_sqr STREAM:9202}
  CREATE_STREAM @100000 {NAME:apb_resp3 T:Transactions SCOPE:uvm_test_top.env[0].apb_agt3.apb_sqr STREAM:9205}
  CREATE_STREAM @100000 {NAME:wr_req T:Transactions SCOPE:uvm_test_top.env[0].icb_agt.icb_sqr STREAM:9193}
  CREATE_STREAM @100000 {NAME:apb_resp0 T:Transactions SCOPE:uvm_test_top.env[0].apb_agt0.apb_sqr STREAM:9196}
  CREATE_STREAM @100000 {NAME:apb_resp1 T:Transactions SCOPE:uvm_test_top.env[0].apb_agt1.apb_sqr STREAM:9199}
  CREATE_STREAM @100000 {NAME:apb_resp2 T:Transactions SCOPE:uvm_test_top.env[0].apb_agt2.apb_sqr STREAM:9202}
  CREATE_STREAM @100000 {NAME:apb_resp3 T:Transactions SCOPE:uvm_test_top.env[0].apb_agt3.apb_sqr STREAM:9205}
  CREATE_STREAM @100000 {NAME:wr_req T:Transactions SCOPE:uvm_test_top.env[0].icb_agt.icb_sqr STREAM:9193}
  CREATE_STREAM @100000 {NAME:apb_resp0 T:Transactions SCOPE:uvm_test_top.env[0].apb_agt0.apb_sqr STREAM:9196}
  CREATE_STREAM @100000 {NAME:apb_resp1 T:Transactions SCOPE:uvm_test_top.env[0].apb_agt1.apb_sqr STREAM:9199}
  CREATE_STREAM @100000 {NAME:apb_resp2 T:Transactions SCOPE:uvm_test_top.env[0].apb_agt2.apb_sqr STREAM:9202}
  CREATE_STREAM @100000 {NAME:apb_resp3 T:Transactions SCOPE:uvm_test_top.env[0].apb_agt3.apb_sqr STREAM:9205}
  CREATE_STREAM @100000 {NAME:wr_req T:Transactions SCOPE:uvm_test_top.env[0].icb_agt.icb_sqr STREAM:9193}
  CREATE_STREAM @100000 {NAME:apb_resp0 T:Transactions SCOPE:uvm_test_top.env[0].apb_agt0.apb_sqr STREAM:9196}
  CREATE_STREAM @100000 {NAME:apb_resp1 T:Transactions SCOPE:uvm_test_top.env[0].apb_agt1.apb_sqr STREAM:9199}
  CREATE_STREAM @100000 {NAME:apb_resp2 T:Transactions SCOPE:uvm_test_top.env[0].apb_agt2.apb_sqr STREAM:9202}
  CREATE_STREAM @100000 {NAME:apb_resp3 T:Transactions SCOPE:uvm_test_top.env[0].apb_agt3.apb_sqr STREAM:9205}
  CREATE_STREAM @100000 {NAME:wr_req T:Transactions SCOPE:uvm_test_top.env[0].icb_agt.icb_sqr STREAM:9193}
  CREATE_STREAM @100000 {NAME:apb_resp0 T:Transactions SCOPE:uvm_test_top.env[0].apb_agt0.apb_sqr STREAM:9196}
  CREATE_STREAM @100000 {NAME:apb_resp1 T:Transactions SCOPE:uvm_test_top.env[0].apb_agt1.apb_sqr STREAM:9199}
  CREATE_STREAM @100000 {NAME:apb_resp2 T:Transactions SCOPE:uvm_test_top.env[0].apb_agt2.apb_sqr STREAM:9202}
  CREATE_STREAM @100000 {NAME:apb_resp3 T:Transactions SCOPE:uvm_test_top.env[0].apb_agt3.apb_sqr STREAM:9205}
  CREATE_STREAM @100000 {NAME:wr_req T:Transactions SCOPE:uvm_test_top.env[0].icb_agt.icb_sqr STREAM:9193}
  CREATE_STREAM @100000 {NAME:apb_resp0 T:Transactions SCOPE:uvm_test_top.env[0].apb_agt0.apb_sqr STREAM:9196}
  CREATE_STREAM @100000 {NAME:apb_resp1 T:Transactions SCOPE:uvm_test_top.env[0].apb_agt1.apb_sqr STREAM:9199}
  CREATE_STREAM @100000 {NAME:apb_resp2 T:Transactions SCOPE:uvm_test_top.env[0].apb_agt2.apb_sqr STREAM:9202}
  CREATE_STREAM @100000 {NAME:apb_resp3 T:Transactions SCOPE:uvm_test_top.env[0].apb_agt3.apb_sqr STREAM:9205}
  CREATE_STREAM @100000 {NAME:wr_req T:Transactions SCOPE:uvm_test_top.env[0].icb_agt.icb_sqr STREAM:9193}
  CREATE_STREAM @100000 {NAME:apb_resp0 T:Transactions SCOPE:uvm_test_top.env[0].apb_agt0.apb_sqr STREAM:9196}
  CREATE_STREAM @100000 {NAME:apb_resp1 T:Transactions SCOPE:uvm_test_top.env[0].apb_agt1.apb_sqr STREAM:9199}
  CREATE_STREAM @100000 {NAME:apb_resp2 T:Transactions SCOPE:uvm_test_top.env[0].apb_agt2.apb_sqr STREAM:9202}
  CREATE_STREAM @100000 {NAME:apb_resp3 T:Transactions SCOPE:uvm_test_top.env[0].apb_agt3.apb_sqr STREAM:9205}
  CREATE_STREAM @100000 {NAME:wr_req T:Transactions SCOPE:uvm_test_top.env[0].icb_agt.icb_sqr STREAM:9193}
  CREATE_STREAM @100000 {NAME:apb_resp0 T:Transactions SCOPE:uvm_test_top.env[0].apb_agt0.apb_sqr STREAM:9196}
  CREATE_STREAM @100000 {NAME:apb_resp1 T:Transactions SCOPE:uvm_test_top.env[0].apb_agt1.apb_sqr STREAM:9199}
  CREATE_STREAM @100000 {NAME:apb_resp2 T:Transactions SCOPE:uvm_test_top.env[0].apb_agt2.apb_sqr STREAM:9202}
  CREATE_STREAM @100000 {NAME:apb_resp3 T:Transactions SCOPE:uvm_test_top.env[0].apb_agt3.apb_sqr STREAM:9205}
  CREATE_STREAM @100000 {NAME:wr_req T:Transactions SCOPE:uvm_test_top.env[0].icb_agt.icb_sqr STREAM:9193}
  CREATE_STREAM @100000 {NAME:apb_resp0 T:Transactions SCOPE:uvm_test_top.env[0].apb_agt0.apb_sqr STREAM:9196}
  CREATE_STREAM @100000 {NAME:apb_resp1 T:Transactions SCOPE:uvm_test_top.env[0].apb_agt1.apb_sqr STREAM:9199}
  CREATE_STREAM @100000 {NAME:apb_resp2 T:Transactions SCOPE:uvm_test_top.env[0].apb_agt2.apb_sqr STREAM:9202}
  CREATE_STREAM @100000 {NAME:apb_resp3 T:Transactions SCOPE:uvm_test_top.env[0].apb_agt3.apb_sqr STREAM:9205}
  CREATE_STREAM @100000 {NAME:wr_req T:Transactions SCOPE:uvm_test_top.env[0].icb_agt.icb_sqr STREAM:9193}
  CREATE_STREAM @100000 {NAME:apb_resp0 T:Transactions SCOPE:uvm_test_top.env[0].apb_agt0.apb_sqr STREAM:9196}
  CREATE_STREAM @100000 {NAME:apb_resp1 T:Transactions SCOPE:uvm_test_top.env[0].apb_agt1.apb_sqr STREAM:9199}
  CREATE_STREAM @100000 {NAME:apb_resp2 T:Transactions SCOPE:uvm_test_top.env[0].apb_agt2.apb_sqr STREAM:9202}
  CREATE_STREAM @100000 {NAME:apb_resp3 T:Transactions SCOPE:uvm_test_top.env[0].apb_agt3.apb_sqr STREAM:9205}
  CREATE_STREAM @100000 {NAME:rd_req T:Transactions SCOPE:uvm_test_top.env[0].icb_agt.icb_sqr STREAM:9199}
  CREATE_STREAM @100000 {NAME:apb_resp0 T:Transactions SCOPE:uvm_test_top.env[0].apb_agt0.apb_sqr STREAM:9202}
  CREATE_STREAM @100000 {NAME:apb_resp1 T:Transactions SCOPE:uvm_test_top.env[0].apb_agt1.apb_sqr STREAM:9205}
  CREATE_STREAM @100000 {NAME:apb_resp2 T:Transactions SCOPE:uvm_test_top.env[0].apb_agt2.apb_sqr STREAM:9208}
  CREATE_STREAM @100000 {NAME:apb_resp3 T:Transactions SCOPE:uvm_test_top.env[0].apb_agt3.apb_sqr STREAM:9211}
  CREATE_STREAM @3585000 {NAME:rd_rdata T:Transactions SCOPE:uvm_test_top.env[0].icb_agt.icb_sqr STREAM:9448}
  CREATE_STREAM @100000 {NAME:wr_req T:Transactions SCOPE:uvm_test_top.env[0].icb_agt.icb_sqr STREAM:9195}
  CREATE_STREAM @100000 {NAME:apb_resp0 T:Transactions SCOPE:uvm_test_top.env[0].apb_agt0.apb_sqr STREAM:9198}
  CREATE_STREAM @100000 {NAME:apb_resp1 T:Transactions SCOPE:uvm_test_top.env[0].apb_agt1.apb_sqr STREAM:9201}
  CREATE_STREAM @100000 {NAME:apb_resp2 T:Transactions SCOPE:uvm_test_top.env[0].apb_agt2.apb_sqr STREAM:9204}
  CREATE_STREAM @100000 {NAME:apb_resp3 T:Transactions SCOPE:uvm_test_top.env[0].apb_agt3.apb_sqr STREAM:9207}
  CREATE_STREAM @100000 {NAME:wr_req T:Transactions SCOPE:uvm_test_top.env[0].icb_agt.icb_sqr STREAM:9195}
  CREATE_STREAM @100000 {NAME:apb_resp0 T:Transactions SCOPE:uvm_test_top.env[0].apb_agt0.apb_sqr STREAM:9198}
  CREATE_STREAM @100000 {NAME:apb_resp1 T:Transactions SCOPE:uvm_test_top.env[0].apb_agt1.apb_sqr STREAM:9201}
  CREATE_STREAM @100000 {NAME:apb_resp2 T:Transactions SCOPE:uvm_test_top.env[0].apb_agt2.apb_sqr STREAM:9204}
  CREATE_STREAM @100000 {NAME:apb_resp3 T:Transactions SCOPE:uvm_test_top.env[0].apb_agt3.apb_sqr STREAM:9207}
  CREATE_STREAM @100000 {NAME:wr_req T:Transactions SCOPE:uvm_test_top.env[0].icb_agt.icb_sqr STREAM:9195}
  CREATE_STREAM @100000 {NAME:apb_resp0 T:Transactions SCOPE:uvm_test_top.env[0].apb_agt0.apb_sqr STREAM:9198}
  CREATE_STREAM @100000 {NAME:apb_resp1 T:Transactions SCOPE:uvm_test_top.env[0].apb_agt1.apb_sqr STREAM:9201}
  CREATE_STREAM @100000 {NAME:apb_resp2 T:Transactions SCOPE:uvm_test_top.env[0].apb_agt2.apb_sqr STREAM:9204}
  CREATE_STREAM @100000 {NAME:apb_resp3 T:Transactions SCOPE:uvm_test_top.env[0].apb_agt3.apb_sqr STREAM:9207}
  CREATE_STREAM @100000 {NAME:cfg_key T:Transactions SCOPE:uvm_test_top.env[0].icb_agt.icb_sqr STREAM:9219}
  CREATE_STREAM @115000 {NAME:enable_apb T:Transactions SCOPE:uvm_test_top.env[0].icb_agt.icb_sqr STREAM:9233}
  CREATE_STREAM @135000 {NAME:rd_req T:Transactions SCOPE:uvm_test_top.env[0].icb_agt.icb_sqr STREAM:9245}
  CREATE_STREAM @135000 {NAME:apb_resp0 T:Transactions SCOPE:uvm_test_top.env[0].apb_agt0.apb_sqr STREAM:9247}
  CREATE_STREAM @135000 {NAME:apb_resp1 T:Transactions SCOPE:uvm_test_top.env[0].apb_agt1.apb_sqr STREAM:9250}
  CREATE_STREAM @135000 {NAME:apb_resp2 T:Transactions SCOPE:uvm_test_top.env[0].apb_agt2.apb_sqr STREAM:9253}
  CREATE_STREAM @135000 {NAME:apb_resp3 T:Transactions SCOPE:uvm_test_top.env[0].apb_agt3.apb_sqr STREAM:9256}
  CREATE_STREAM @6945000 {NAME:rd_rdata T:Transactions SCOPE:uvm_test_top.env[0].icb_agt.icb_sqr STREAM:9676}
  CREATE_STREAM @9255000 {NAME:disable_apb T:Transactions SCOPE:uvm_test_top.env[0].icb_agt.icb_sqr STREAM:9884}
  CREATE_STREAM @100000 {NAME:cfg_key T:Transactions SCOPE:uvm_test_top.env[0].icb_agt.icb_sqr STREAM:9349}
  CREATE_STREAM @100000 {NAME:cfg_key1 T:Transactions SCOPE:uvm_test_top.env[1].icb_agt.icb_sqr STREAM:9352}
  CREATE_STREAM @100000 {NAME:cfg_key2 T:Transactions SCOPE:uvm_test_top.env[2].icb_agt.icb_sqr STREAM:9355}
  CREATE_STREAM @115000 {NAME:enable_apb2 T:Transactions SCOPE:uvm_test_top.env[2].icb_agt.icb_sqr STREAM:9387}
  CREATE_STREAM @115000 {NAME:wr_req1 T:Transactions SCOPE:uvm_test_top.env[1].icb_agt.icb_sqr STREAM:9391}
  CREATE_STREAM @115000 {NAME:enable_apb T:Transactions SCOPE:uvm_test_top.env[0].icb_agt.icb_sqr STREAM:9395}
  CREATE_STREAM @135000 {NAME:rd_req2 T:Transactions SCOPE:uvm_test_top.env[2].icb_agt.icb_sqr STREAM:9423}
  CREATE_STREAM @135000 {NAME:apb_resp20 T:Transactions SCOPE:uvm_test_top.env[2].apb_agt0.apb_sqr STREAM:9425}
  CREATE_STREAM @135000 {NAME:apb_resp21 T:Transactions SCOPE:uvm_test_top.env[2].apb_agt1.apb_sqr STREAM:9428}
  CREATE_STREAM @135000 {NAME:apb_resp22 T:Transactions SCOPE:uvm_test_top.env[2].apb_agt2.apb_sqr STREAM:9431}
  CREATE_STREAM @135000 {NAME:apb_resp23 T:Transactions SCOPE:uvm_test_top.env[2].apb_agt3.apb_sqr STREAM:9434}
  CREATE_STREAM @135000 {NAME:wr_req T:Transactions SCOPE:uvm_test_top.env[0].icb_agt.icb_sqr STREAM:9439}
  CREATE_STREAM @135000 {NAME:apb_resp0 T:Transactions SCOPE:uvm_test_top.env[0].apb_agt0.apb_sqr STREAM:9441}
  CREATE_STREAM @135000 {NAME:apb_resp1 T:Transactions SCOPE:uvm_test_top.env[0].apb_agt1.apb_sqr STREAM:9444}
  CREATE_STREAM @135000 {NAME:apb_resp2 T:Transactions SCOPE:uvm_test_top.env[0].apb_agt2.apb_sqr STREAM:9447}
  CREATE_STREAM @135000 {NAME:apb_resp3 T:Transactions SCOPE:uvm_test_top.env[0].apb_agt3.apb_sqr STREAM:9450}
  CREATE_STREAM @4545000 {NAME:enable_apb1 T:Transactions SCOPE:uvm_test_top.env[1].icb_agt.icb_sqr STREAM:10207}
  CREATE_STREAM @4555000 {NAME:apb_resp10 T:Transactions SCOPE:uvm_test_top.env[1].apb_agt0.apb_sqr STREAM:10219}
  CREATE_STREAM @4555000 {NAME:apb_resp11 T:Transactions SCOPE:uvm_test_top.env[1].apb_agt1.apb_sqr STREAM:10222}
  CREATE_STREAM @4555000 {NAME:apb_resp12 T:Transactions SCOPE:uvm_test_top.env[1].apb_agt2.apb_sqr STREAM:10225}
  CREATE_STREAM @4555000 {NAME:apb_resp13 T:Transactions SCOPE:uvm_test_top.env[1].apb_agt3.apb_sqr STREAM:10228}
  CREATE_STREAM @6555000 {NAME:disable_apb1 T:Transactions SCOPE:uvm_test_top.env[1].icb_agt.icb_sqr STREAM:10590}
  CREATE_STREAM @8925000 {NAME:rd_req T:Transactions SCOPE:uvm_test_top.env[0].icb_agt.icb_sqr STREAM:10658}
  CREATE_STREAM @8925000 {NAME:apb_resp4 T:Transactions SCOPE:uvm_test_top.env[0].apb_agt0.apb_sqr STREAM:10660}
  CREATE_STREAM @8925000 {NAME:apb_resp5 T:Transactions SCOPE:uvm_test_top.env[0].apb_agt1.apb_sqr STREAM:10662}
  CREATE_STREAM @8925000 {NAME:apb_resp6 T:Transactions SCOPE:uvm_test_top.env[0].apb_agt2.apb_sqr STREAM:10664}
  CREATE_STREAM @8925000 {NAME:apb_resp7 T:Transactions SCOPE:uvm_test_top.env[0].apb_agt3.apb_sqr STREAM:10666}
  CREATE_STREAM @9965000 {NAME:rd_rdata2 T:Transactions SCOPE:uvm_test_top.env[2].icb_agt.icb_sqr STREAM:10764}
  CREATE_STREAM @11275000 {NAME:disable_apb2 T:Transactions SCOPE:uvm_test_top.env[2].icb_agt.icb_sqr STREAM:11036}
  CREATE_STREAM @15745000 {NAME:rd_rdata T:Transactions SCOPE:uvm_test_top.env[0].icb_agt.icb_sqr STREAM:11298}
  CREATE_STREAM @18055000 {NAME:disable_apb T:Transactions SCOPE:uvm_test_top.env[0].icb_agt.icb_sqr STREAM:11506}
